<?xml version="1.0" encoding="UTF-8"?>
<!-- Generated by org.testng.reporters.JUnitXMLReporter -->
<testsuite hostname="ASDP1534PO01976" ignored="0" name="Default test" tests="3" failures="0" timestamp="01 Oct 2018 04:17:07 GMT" time="19.352" errors="0">
  <testcase name="signInWithCorrectCredential" time="2.88" classname="com.qainfotech.com.PostManTutorial.GitLoginPostman"/>
  <testcase name="createNewRepo" time="12.57" classname="com.qainfotech.com.PostManTutorial.GitLoginPostman"/>
  <testcase name="openTerminalAndUpoadCodeOnGit" time="0.236" classname="com.qainfotech.com.PostManTutorial.GitLoginPostman"/>
</testsuite> <!-- Default test -->
