<?xml version="1.0" encoding="UTF-8"?>
<testng-results skipped="0" failed="0" ignored="0" total="3" passed="3">
  <reporter-output>
  </reporter-output>
  <suite name="Default suite" duration-ms="19352" started-at="2018-10-01T04:16:47Z" finished-at="2018-10-01T04:17:07Z">
    <groups>
    </groups>
    <test name="Default test" duration-ms="19352" started-at="2018-10-01T04:16:47Z" finished-at="2018-10-01T04:17:07Z">
      <class name="com.qainfotech.com.PostManTutorial.GitLoginPostman">
        <test-method status="PASS" signature="openGit()[pri:0, instance:com.qainfotech.com.PostManTutorial.GitLoginPostman@6404f418]" name="openGit" is-config="true" duration-ms="3640" started-at="2018-10-01T04:16:47Z" finished-at="2018-10-01T04:16:51Z">
          <reporter-output>
          </reporter-output>
        </test-method> <!-- openGit -->
        <test-method status="PASS" signature="signInWithCorrectCredential()[pri:0, instance:com.qainfotech.com.PostManTutorial.GitLoginPostman@6404f418]" name="signInWithCorrectCredential" duration-ms="2880" started-at="2018-10-01T04:16:51Z" finished-at="2018-10-01T04:16:54Z">
          <reporter-output>
          </reporter-output>
        </test-method> <!-- signInWithCorrectCredential -->
        <test-method status="PASS" signature="createNewRepo()[pri:0, instance:com.qainfotech.com.PostManTutorial.GitLoginPostman@6404f418]" name="createNewRepo" duration-ms="12570" started-at="2018-10-01T04:16:54Z" depends-on-methods="com.qainfotech.com.PostManTutorial.GitLoginPostman.signInWithCorrectCredential" finished-at="2018-10-01T04:17:07Z">
          <reporter-output>
          </reporter-output>
        </test-method> <!-- createNewRepo -->
        <test-method status="PASS" signature="openTerminalAndUpoadCodeOnGit()[pri:0, instance:com.qainfotech.com.PostManTutorial.GitLoginPostman@6404f418]" name="openTerminalAndUpoadCodeOnGit" duration-ms="236" started-at="2018-10-01T04:17:07Z" depends-on-methods="com.qainfotech.com.PostManTutorial.GitLoginPostman.createNewRepo" finished-at="2018-10-01T04:17:07Z">
          <reporter-output>
          </reporter-output>
        </test-method> <!-- openTerminalAndUpoadCodeOnGit -->
      </class> <!-- com.qainfotech.com.PostManTutorial.GitLoginPostman -->
    </test> <!-- Default test -->
  </suite> <!-- Default suite -->
</testng-results>
